2023.11.17 11:38:43 INFO  Started: Metals version 1.1.0 in folders '/home/hermandi/Schreibtisch/hochschule/AIN3.1/SoftwareEngineering/connectfour2' for client Code - OSS 1.84.1.
2023.11.17 11:38:45 WARN  Build server is not auto-connectable.
2023.11.17 11:38:48 INFO  running '/usr/lib/jvm/java-11-openjdk/bin/java -Djline.terminal=jline.UnsupportedTerminal -Dsbt.log.noformat=true -Dfile.encoding=UTF-8 -jar /tmp/metals6105826378620995919/sbt-launch.jar -Dbloop.export-jar-classifiers=sources bloopInstall'
2023.11.17 11:38:51 INFO  [info] welcome to sbt 1.9.7 (Oracle Corporation Java 11.0.21)
2023.11.17 11:38:55 INFO  [info] loading global plugins from /home/hermandi/.sbt/1.0/plugins
2023.11.17 11:39:03 INFO  [info] loading settings for project connectfour2-build-build from metals.sbt ...
2023.11.17 11:39:03 INFO  [info] loading project definition from /home/hermandi/Schreibtisch/hochschule/AIN3.1/SoftwareEngineering/connectfour2/connectfour2/project/project
2023.11.17 11:39:05 INFO  [info] loading settings for project connectfour2-build from metals.sbt ...
2023.11.17 11:39:05 INFO  [info] loading project definition from /home/hermandi/Schreibtisch/hochschule/AIN3.1/SoftwareEngineering/connectfour2/connectfour2/project
2023.11.17 11:39:07 INFO  [success] Generated .bloop/connectfour2-build.json
2023.11.17 11:39:07 INFO  [success] Total time: 2 s, completed 17.11.2023, 11:39:07
2023.11.17 11:39:09 INFO  [info] loading settings for project root from build.sbt ...
2023.11.17 11:39:09 INFO  [info] set current project to connectfour2 (in build file:/home/hermandi/Schreibtisch/hochschule/AIN3.1/SoftwareEngineering/connectfour2/connectfour2/)
2023.11.17 11:39:11 INFO  [success] Generated .bloop/root.json
2023.11.17 11:39:11 INFO  [success] Generated .bloop/root-test.json
2023.11.17 11:39:11 INFO  [success] Total time: 1 s, completed 17.11.2023, 11:39:11
2023.11.17 11:39:11 INFO  time: ran 'sbt bloopInstall' in 23s
2023.11.17 11:39:11 INFO  Attempting to connect to the build server...
2023.11.17 11:39:11 INFO  Bloop uses /home/hermandi/.jabba/jdk/openjdk@1.17.0 defined at /home/hermandi/.bloop/bloop.json
2023.11.17 11:39:12 INFO  tracing is disabled for protocol BSP, to enable tracing of incoming and outgoing JSON messages create an empty file at /home/hermandi/Schreibtisch/hochschule/AIN3.1/SoftwareEngineering/connectfour2/.metals/bsp.trace.json or /home/hermandi/.cache/metals/bsp.trace.json
2023.11.17 11:39:12 INFO  time: Connected to build server in 0.39s
2023.11.17 11:39:12 INFO  Connected to Build server: Bloop v1.5.11
2023.11.17 11:39:15 WARN  Could not find java sources in /usr/lib/jvm/src.zip, /usr/lib/jvm/lib/src.zip, /usr/lib/jvm/java-11-openjdk/src.zip, /usr/lib/jvm/java-11-openjdk/lib/src.zip, /usr/lib/jvm/src.zip, /usr/lib/jvm/lib/src.zip, /usr/lib/jvm/java-11-openjdk/src.zip, /usr/lib/jvm/java-11-openjdk/lib/src.zip. Java symbols will not be available.
2023.11.17 11:39:17 WARN  Could not find java sources in /usr/lib/jvm/src.zip, /usr/lib/jvm/lib/src.zip, /usr/lib/jvm/java-11-openjdk/src.zip, /usr/lib/jvm/java-11-openjdk/lib/src.zip, /usr/lib/jvm/src.zip, /usr/lib/jvm/lib/src.zip, /usr/lib/jvm/java-11-openjdk/src.zip, /usr/lib/jvm/java-11-openjdk/lib/src.zip. Java symbols will not be available.
2023.11.17 11:39:17 WARN  Could not find java sources in /usr/lib/jvm/src.zip, /usr/lib/jvm/lib/src.zip, /usr/lib/jvm/java-11-openjdk/src.zip, /usr/lib/jvm/java-11-openjdk/lib/src.zip, /usr/lib/jvm/src.zip, /usr/lib/jvm/lib/src.zip, /usr/lib/jvm/java-11-openjdk/src.zip, /usr/lib/jvm/java-11-openjdk/lib/src.zip. Java symbols will not be available.
2023.11.17 11:39:17 INFO  time: indexed workspace in 4.89s
Nov. 17, 2023 11:39:58 VORM. org.eclipse.lsp4j.jsonrpc.services.GenericEndpoint notify
INFORMATION: Unsupported notification method: $/setTrace
2023.11.17 11:43:53 INFO  compiling root (1 scala source)
2023.11.17 11:43:53 INFO  time: compiled root in 0.58s
2023.11.17 11:44:18 INFO  compiling root-test (1 scala source)
2023.11.17 11:44:19 INFO  time: compiled root-test in 1.03s
2023.11.17 11:45:56 INFO  compiling root (1 scala source)
2023.11.17 11:45:56 INFO  time: compiled root in 0.16s
2023.11.17 11:45:59 INFO  compiling root (1 scala source)
2023.11.17 11:45:59 INFO  time: compiled root in 79ms
2023.11.17 11:46:16 INFO  compiling root (1 scala source)
2023.11.17 11:46:16 INFO  time: compiled root in 0.24s
2023.11.17 11:46:19 INFO  compiling root (1 scala source)
2023.11.17 11:46:19 INFO  time: compiled root in 0.27s
